<?xml version="1.0" encoding="utf-8" standalone="no"?>
<test-results xmlns:xsi="http://www.w3.org/2001/XMLSchema-instance" xsi:noNamespaceSchemaLocation="nunit_schema_2.5.xsd" name="Pester" total="43" errors="0" failures="3" not-run="0" inconclusive="0" ignored="0" skipped="2" invalid="0" date="2021-08-26" time="14:55:19">
  <environment nunit-version="2.5.8.0" machine-name="GSANCHEZ-116" platform="Microsoft Windows 10 Enterprise|C:\WINDOWS|\Device\Harddisk0\Partition2" user="gsanchez" cwd="C:\Users\gsanchez\repos\BeneathTheCanals\tests" clr-version="Unknown" os-version="10.0.19043" user-domain="THEFACEBOOK" />
  <culture-info current-culture="en-US" current-uiculture="en-US" />
  <test-suite type="TestFixture" name="Pester" executed="True" result="Failure" success="False" time="8.2526" asserts="0" description="Pester">
    <results>
      <test-suite type="TestFixture" name="C:\Users\gsanchez\repos\BeneathTheCanals\tests\BeneathTheCanals.tests.ps1" executed="True" result="Failure" success="False" time="2.3984" asserts="0" description="C:\Users\gsanchez\repos\BeneathTheCanals\tests\BeneathTheCanals.tests.ps1">
        <results>
          <test-suite type="TestFixture" name="New-CanalCatacomb" executed="True" result="Failure" success="False" time="0.7381" asserts="0" description="New-CanalCatacomb">
            <results>
              <test-case description="Creates a new Catacomb" name="New-CanalCatacomb.Creates a new Catacomb" time="0.347" asserts="0" success="False" result="Failure" executed="True">
                <failure>
                  <message>ArgumentException: Could not find type []. Make sure that the assembly that contains that type is loaded.</message>
                  <stack-trace />
                </failure>
              </test-case>
            </results>
          </test-suite>
          <test-suite type="TestFixture" name="New-CanalTimeOfDay" executed="True" result="Failure" success="False" time="0.9947" asserts="0" description="New-CanalTimeOfDay">
            <results>
              <test-case description="Creates a new Catacomb" name="New-CanalTimeOfDay.Creates a new Catacomb" time="0.0187" asserts="0" success="False" result="Failure" executed="True">
                <failure>
                  <message>ArgumentException: Could not find type []. Make sure that the assembly that contains that type is loaded.</message>
                  <stack-trace />
                </failure>
              </test-case>
            </results>
          </test-suite>
          <test-suite type="TestFixture" name="Test New-CanalEncounter" executed="True" result="Failure" success="False" time="1.4313" asserts="0" description="Test New-CanalEncounter">
            <results>
              <test-case description="Creates a new random encounter" name="Test New-CanalEncounter.Creates a new random encounter" time="0.1023" asserts="0" success="True" result="Success" executed="True" />
              <test-case description="Creates specific encounter" name="Test New-CanalEncounter.Creates specific encounter" time="0.0407" asserts="0" success="False" result="Failure" executed="True">
                <failure>
                  <message>ParameterBindingException: A positional parameter cannot be found that accepts argument ''.</message>
                  <stack-trace>at &lt;ScriptBlock&gt;, C:\Users\gsanchez\repos\BeneathTheCanals\tests\BeneathTheCanals.tests.ps1:62</stack-trace>
                </failure>
              </test-case>
            </results>
          </test-suite>
        </results>
      </test-suite>
      <test-suite type="TestFixture" name="C:\Users\gsanchez\repos\BeneathTheCanals\tests\Help.tests.ps1" executed="True" result="Success" success="True" time="3.1922" asserts="0" description="C:\Users\gsanchez\repos\BeneathTheCanals\tests\Help.tests.ps1">
        <results>
          <test-suite type="TestFixture" name="Test help for New-CanalCatacomb" executed="True" result="Success" success="True" time="0.4785" asserts="0" description="Test help for New-CanalCatacomb">
            <results>
              <test-case description="Help is not auto-generated" name="Test help for New-CanalCatacomb.Help is not auto-generated" time="0.0443" asserts="0" success="True" result="Success" executed="True" />
              <test-case description="Has description" name="Test help for New-CanalCatacomb.Has description" time="0.0557" asserts="0" success="True" result="Success" executed="True" />
              <test-case description="Has example code" name="Test help for New-CanalCatacomb.Has example code" time="0.0459" asserts="0" success="True" result="Success" executed="True" />
              <test-case description="Has example help" name="Test help for New-CanalCatacomb.Has example help" time="0.0298" asserts="0" success="True" result="Success" executed="True" />
            </results>
          </test-suite>
          <test-suite type="TestFixture" name="Test help for New-CanalEncounter" executed="True" result="Success" success="True" time="1.7458" asserts="0" description="Test help for New-CanalEncounter">
            <results>
              <test-suite type="TestFixture" name="Test help for New-CanalEncounter.Parameter Catacomb" executed="True" result="Success" success="True" time="0.3991" asserts="0" description="Test help for New-CanalEncounter.Parameter Catacomb">
                <results>
                  <test-case description="Has description" name="Test help for New-CanalEncounter.Parameter Catacomb.Has description" time="0.0186" asserts="0" success="True" result="Success" executed="True" />
                  <test-case description="Has correct [mandatory] value" name="Test help for New-CanalEncounter.Parameter Catacomb.Has correct [mandatory] value" time="0.0743" asserts="0" success="True" result="Success" executed="True" />
                  <test-case description="Has correct parameter type" name="Test help for New-CanalEncounter.Parameter Catacomb.Has correct parameter type" time="0.0281" asserts="0" success="True" result="Success" executed="True" />
                </results>
              </test-suite>
              <test-suite type="TestFixture" name="Test help for New-CanalEncounter.Parameter TimeOfDay" executed="True" result="Success" success="True" time="0.9312" asserts="0" description="Test help for New-CanalEncounter.Parameter TimeOfDay">
                <results>
                  <test-case description="Has description" name="Test help for New-CanalEncounter.Parameter TimeOfDay.Has description" time="0.0107" asserts="0" success="True" result="Success" executed="True" />
                  <test-case description="Has correct [mandatory] value" name="Test help for New-CanalEncounter.Parameter TimeOfDay.Has correct [mandatory] value" time="0.0112" asserts="0" success="True" result="Success" executed="True" />
                  <test-case description="Has correct parameter type" name="Test help for New-CanalEncounter.Parameter TimeOfDay.Has correct parameter type" time="0.0134" asserts="0" success="True" result="Success" executed="True" />
                </results>
              </test-suite>
              <test-case description="Help is not auto-generated" name="Test help for New-CanalEncounter.Help is not auto-generated" time="0.0052" asserts="0" success="True" result="Success" executed="True" />
              <test-case description="Has description" name="Test help for New-CanalEncounter.Has description" time="0.005" asserts="0" success="True" result="Success" executed="True" />
              <test-case description="Has example code" name="Test help for New-CanalEncounter.Has example code" time="0.0047" asserts="0" success="True" result="Success" executed="True" />
              <test-case description="Has example help" name="Test help for New-CanalEncounter.Has example help" time="0.0041" asserts="0" success="True" result="Success" executed="True" />
            </results>
          </test-suite>
          <test-suite type="TestFixture" name="Test help for New-CanalItem" executed="True" result="Success" success="True" time="2.1081" asserts="0" description="Test help for New-CanalItem">
            <results>
              <test-case description="Help is not auto-generated" name="Test help for New-CanalItem.Help is not auto-generated" time="0.0074" asserts="0" success="True" result="Success" executed="True" />
              <test-case description="Has description" name="Test help for New-CanalItem.Has description" time="0.009" asserts="0" success="True" result="Success" executed="True" />
              <test-case description="Has example code" name="Test help for New-CanalItem.Has example code" time="0.0059" asserts="0" success="True" result="Success" executed="True" />
              <test-case description="Has example help" name="Test help for New-CanalItem.Has example help" time="0.0052" asserts="0" success="True" result="Success" executed="True" />
            </results>
          </test-suite>
          <test-suite type="TestFixture" name="Test help for New-CanalTimeOfDay" executed="True" result="Success" success="True" time="2.6629" asserts="0" description="Test help for New-CanalTimeOfDay">
            <results>
              <test-suite type="TestFixture" name="Test help for New-CanalTimeOfDay.Parameter Period" executed="True" result="Success" success="True" time="0.2947" asserts="0" description="Test help for New-CanalTimeOfDay.Parameter Period">
                <results>
                  <test-case description="Has description" name="Test help for New-CanalTimeOfDay.Parameter Period.Has description" time="0.0086" asserts="0" success="True" result="Success" executed="True" />
                  <test-case description="Has correct [mandatory] value" name="Test help for New-CanalTimeOfDay.Parameter Period.Has correct [mandatory] value" time="0.0062" asserts="0" success="True" result="Success" executed="True" />
                  <test-case description="Has correct parameter type" name="Test help for New-CanalTimeOfDay.Parameter Period.Has correct parameter type" time="0.0047" asserts="0" success="True" result="Success" executed="True" />
                </results>
              </test-suite>
              <test-case description="Help is not auto-generated" name="Test help for New-CanalTimeOfDay.Help is not auto-generated" time="0.007" asserts="0" success="True" result="Success" executed="True" />
              <test-case description="Has description" name="Test help for New-CanalTimeOfDay.Has description" time="0.0099" asserts="0" success="True" result="Success" executed="True" />
              <test-case description="Has example code" name="Test help for New-CanalTimeOfDay.Has example code" time="0.0054" asserts="0" success="True" result="Success" executed="True" />
              <test-case description="Has example help" name="Test help for New-CanalTimeOfDay.Has example help" time="0.005" asserts="0" success="True" result="Success" executed="True" />
            </results>
          </test-suite>
        </results>
      </test-suite>
      <test-suite type="TestFixture" name="C:\Users\gsanchez\repos\BeneathTheCanals\tests\Manifest.tests.ps1" executed="True" result="Ignored" success="True" time="1.5323" asserts="0" description="C:\Users\gsanchez\repos\BeneathTheCanals\tests\Manifest.tests.ps1">
        <results>
          <test-suite type="TestFixture" name="Module manifest" executed="True" result="Success" success="True" time="0.855" asserts="0" description="Module manifest">
            <results>
              <test-suite type="TestFixture" name="Module manifest.Validation" executed="True" result="Success" success="True" time="0.5987" asserts="0" description="Module manifest.Validation">
                <results>
                  <test-case description="Has a valid manifest" name="Module manifest.Validation.Has a valid manifest" time="0.0305" asserts="0" success="True" result="Success" executed="True" />
                  <test-case description="Has a valid name in the manifest" name="Module manifest.Validation.Has a valid name in the manifest" time="0.0285" asserts="0" success="True" result="Success" executed="True" />
                  <test-case description="Has a valid root module" name="Module manifest.Validation.Has a valid root module" time="0.0302" asserts="0" success="True" result="Success" executed="True" />
                  <test-case description="Has a valid version in the manifest" name="Module manifest.Validation.Has a valid version in the manifest" time="0.0486" asserts="0" success="True" result="Success" executed="True" />
                  <test-case description="Has a valid description" name="Module manifest.Validation.Has a valid description" time="0.0386" asserts="0" success="True" result="Success" executed="True" />
                  <test-case description="Has a valid author" name="Module manifest.Validation.Has a valid author" time="0.0325" asserts="0" success="True" result="Success" executed="True" />
                  <test-case description="Has a valid guid" name="Module manifest.Validation.Has a valid guid" time="0.0478" asserts="0" success="True" result="Success" executed="True" />
                  <test-case description="Has a valid copyright" name="Module manifest.Validation.Has a valid copyright" time="0.0362" asserts="0" success="True" result="Success" executed="True" />
                  <test-case description="Has a valid version in the changelog" name="Module manifest.Validation.Has a valid version in the changelog" time="0.0231" asserts="0" success="True" result="Success" executed="True" />
                  <test-case description="Changelog and manifest versions are the same" name="Module manifest.Validation.Changelog and manifest versions are the same" time="0.0245" asserts="0" success="True" result="Success" executed="True" />
                </results>
              </test-suite>
            </results>
          </test-suite>
          <test-suite type="TestFixture" name="Git tagging" executed="True" result="Ignored" success="True" time="1.0949" asserts="0" description="Git tagging">
            <results>
              <test-case description="Is tagged with a valid version" name="Git tagging.Is tagged with a valid version" time="0.0063" asserts="0" success="False" result="Ignored" executed="False" />
              <test-case description="Matches manifest version" name="Git tagging.Matches manifest version" time="0.0017" asserts="0" success="False" result="Ignored" executed="False" />
            </results>
          </test-suite>
        </results>
      </test-suite>
      <test-suite type="TestFixture" name="C:\Users\gsanchez\repos\BeneathTheCanals\tests\Meta.tests.ps1" executed="True" result="Success" success="True" time="1.1297" asserts="0" description="C:\Users\gsanchez\repos\BeneathTheCanals\tests\Meta.tests.ps1">
        <results>
          <test-suite type="TestFixture" name="Text files formatting" executed="True" result="Success" success="True" time="0.7464" asserts="0" description="Text files formatting">
            <results>
              <test-suite type="TestFixture" name="Text files formatting.File encoding" executed="True" result="Success" success="True" time="0.2413" asserts="0" description="Text files formatting.File encoding">
                <results>
                  <test-case description="No text file uses Unicode/UTF-16 encoding" name="Text files formatting.File encoding.No text file uses Unicode/UTF-16 encoding" time="0.0229" asserts="0" success="True" result="Success" executed="True" />
                </results>
              </test-suite>
              <test-suite type="TestFixture" name="Text files formatting.Indentations" executed="True" result="Success" success="True" time="0.5102" asserts="0" description="Text files formatting.Indentations">
                <results>
                  <test-case description="No text file use tabs for indentations" name="Text files formatting.Indentations.No text file use tabs for indentations" time="0.0248" asserts="0" success="True" result="Success" executed="True" />
                </results>
              </test-suite>
            </results>
          </test-suite>
        </results>
      </test-suite>
    </results>
  </test-suite>
</test-results>